********************************************************************************
* Unified simulation Tcl App stack trace dump
*
* File: .usf.tcl_error.log (Fri Apr 12 13:05:25 2024)
*
* This file is generated by the unified simulation automation and contains the
* tcl stack trace of error returned by the simulator App for the current run.
*
********************************************************************************

    while executing
"write_sdf -mode timesim -process_corner slow -force -file "D:/IISC/SEM_2/FPGA/CNN/UART_CNN_Implementation/UART_CNN_Implementation.sim/sim_1/synth/timi..."
    ("eval" body line 1)
    invoked from within
"eval "write_sdf $ws_args""
    (procedure "xcs_write_design_netlist" line 95)
    invoked from within
"xcs_write_design_netlist $a_sim_vars(s_simset)           $a_sim_vars(s_simulation_flow)  $a_sim_vars(s_type)             $a_sim_vars(s_sim_top)       ..."
    (procedure "usf_xsim_setup_simulation" line 58)
    invoked from within
"usf_xsim_setup_simulation"
    (procedure "tclapp::xilinx::xsim::setup" line 24)
    invoked from within
"tclapp::xilinx::xsim::setup { -simset sim_1 -mode post-synthesis -type timing -run_dir D:/IISC/SEM_2/FPGA/CNN/UART_CNN_Implementation/UART_CNN_Impleme..."
